# JRE version: OpenJDK Runtime Environment Corretto-21.0.2.13.1 (21.0.2+13) (build 21.0.2+13-LTS)
# Java VM: OpenJDK 64-Bit Server VM Corretto-21.0.2.13.1 (21.0.2+13-LTS, mixed mode, sharing, tiered, compressed oops, compressed class ptrs, g1 gc, linux-amd64)
GC Precious Log:
 CardTable entry size: 512
 Card Set container configuration: InlinePtr #cards 5 size 8 Array Of Cards #cards 12 size 40 Howl #buckets 4 coarsen threshold 1843 Howl Bitmap #cards 512 size 80 coarsen threshold 460 Card regions per heap region 1 cards per card region 2048
 CPUs: 4 total, 4 available
 Memory: 7813M
 Large Page Support: Disabled
 NUMA Support: Disabled
 Compressed Oops: Enabled (32-bit)
 Heap Region Size: 1M
 Heap Min Capacity: 8M
 Heap Initial Capacity: 124M
 Heap Max Capacity: 1954M
 Pre-touch: Disabled
 Parallel Workers: 4
 Concurrent Workers: 1
 Concurrent Refinement Workers: 4
 Periodic GC: Disabled
Heap:
 garbage-first heap   total 55296K, used 45066K [0x0000000085e00000, 0x0000000100000000)
  region size 1024K, 40 young (40960K), 8 survivors (8192K)
 Metaspace       used 27906K, committed 28352K, reserved 1114112K
  class space    used 3993K, committed 4224K, reserved 1048576K
GC Heap History (6 events):
Event: 2.813 GC heap before
{Heap before GC invocations=0 (full 0):
 garbage-first heap   total 129024K, used 13341K [0x0000000085e00000, 0x0000000100000000)
  region size 1024K, 13 young (13312K), 0 survivors (0K)
 Metaspace       used 2414K, committed 2624K, reserved 1114112K
  class space    used 235K, committed 320K, reserved 1048576K
}
Event: 2.842 GC heap after
{Heap after GC invocations=1 (full 0):
 garbage-first heap   total 129024K, used 3613K [0x0000000085e00000, 0x0000000100000000)
  region size 1024K, 2 young (2048K), 2 survivors (2048K)
 Metaspace       used 2414K, committed 2624K, reserved 1114112K
  class space    used 235K, committed 320K, reserved 1048576K
}
Event: 5.886 GC heap before
{Heap before GC invocations=1 (full 0):
 garbage-first heap   total 129024K, used 19997K [0x0000000085e00000, 0x0000000100000000)
  region size 1024K, 19 young (19456K), 2 survivors (2048K)
 Metaspace       used 8040K, committed 8320K, reserved 1114112K
  class space    used 959K, committed 1088K, reserved 1048576K
}
Event: 5.932 GC heap after
{Heap after GC invocations=2 (full 0):
 garbage-first heap   total 129024K, used 5501K [0x0000000085e00000, 0x0000000100000000)
  region size 1024K, 2 young (2048K), 2 survivors (2048K)
 Metaspace       used 8040K, committed 8320K, reserved 1114112K
  class space    used 959K, committed 1088K, reserved 1048576K
}
Event: 19.531 GC heap before
{Heap before GC invocations=2 (full 0):
 garbage-first heap   total 129024K, used 55677K [0x0000000085e00000, 0x0000000100000000)
  region size 1024K, 51 young (52224K), 2 survivors (2048K)
 Metaspace       used 21107K, committed 21504K, reserved 1114112K
  class space    used 2920K, committed 3136K, reserved 1048576K
}
Event: 19.577 GC heap after
{Heap after GC invocations=3 (full 0):
 garbage-first heap   total 129024K, used 13322K [0x0000000085e00000, 0x0000000100000000)
  region size 1024K, 8 young (8192K), 8 survivors (8192K)
 Metaspace       used 21107K, committed 21504K, reserved 1114112K
  class space    used 2920K, committed 3136K, reserved 1048576K
}

