# JRE version: OpenJDK Runtime Environment Corretto-21.0.2.13.1 (21.0.2+13) (build 21.0.2+13-LTS)
# Java VM: OpenJDK 64-Bit Server VM Corretto-21.0.2.13.1 (21.0.2+13-LTS, mixed mode, sharing, tiered, compressed oops, compressed class ptrs, g1 gc, linux-amd64)
GC Precious Log:
 CardTable entry size: 512
 Card Set container configuration: InlinePtr #cards 5 size 8 Array Of Cards #cards 12 size 40 Howl #buckets 4 coarsen threshold 1843 Howl Bitmap #cards 512 size 80 coarsen threshold 460 Card regions per heap region 1 cards per card region 2048
 CPUs: 4 total, 4 available
 Memory: 7813M
 Large Page Support: Disabled
 NUMA Support: Disabled
 Compressed Oops: Enabled (32-bit)
 Heap Region Size: 1M
 Heap Min Capacity: 8M
 Heap Initial Capacity: 124M
 Heap Max Capacity: 1954M
 Pre-touch: Disabled
 Parallel Workers: 4
 Concurrent Workers: 1
 Concurrent Refinement Workers: 4
 Periodic GC: Disabled
Heap:
 garbage-first heap   total 58368K, used 27310K [0x0000000085e00000, 0x0000000100000000)
  region size 1024K, 23 young (23552K), 8 survivors (8192K)
 Metaspace       used 25818K, committed 26240K, reserved 1114112K
  class space    used 3548K, committed 3776K, reserved 1048576K
GC Heap History (6 events):
Event: 2.272 GC heap before
{Heap before GC invocations=0 (full 0):
 garbage-first heap   total 129024K, used 14365K [0x0000000085e00000, 0x0000000100000000)
  region size 1024K, 13 young (13312K), 0 survivors (0K)
 Metaspace       used 2450K, committed 2624K, reserved 1114112K
  class space    used 239K, committed 320K, reserved 1048576K
}
Event: 2.307 GC heap after
{Heap after GC invocations=1 (full 0):
 garbage-first heap   total 129024K, used 3582K [0x0000000085e00000, 0x0000000100000000)
  region size 1024K, 2 young (2048K), 2 survivors (2048K)
 Metaspace       used 2450K, committed 2624K, reserved 1114112K
  class space    used 239K, committed 320K, reserved 1048576K
}
Event: 5.281 GC heap before
{Heap before GC invocations=1 (full 0):
 garbage-first heap   total 129024K, used 18942K [0x0000000085e00000, 0x0000000100000000)
  region size 1024K, 18 young (18432K), 2 survivors (2048K)
 Metaspace       used 7911K, committed 8192K, reserved 1114112K
  class space    used 938K, committed 1088K, reserved 1048576K
}
Event: 5.319 GC heap after
{Heap after GC invocations=2 (full 0):
 garbage-first heap   total 129024K, used 5465K [0x0000000085e00000, 0x0000000100000000)
  region size 1024K, 2 young (2048K), 2 survivors (2048K)
 Metaspace       used 7911K, committed 8192K, reserved 1114112K
  class space    used 938K, committed 1088K, reserved 1048576K
}
Event: 22.468 GC heap before
{Heap before GC invocations=2 (full 0):
 garbage-first heap   total 129024K, used 56665K [0x0000000085e00000, 0x0000000100000000)
  region size 1024K, 52 young (53248K), 2 survivors (2048K)
 Metaspace       used 21182K, committed 21504K, reserved 1114112K
  class space    used 2917K, committed 3072K, reserved 1048576K
}
Event: 22.563 GC heap after
{Heap after GC invocations=3 (full 0):
 garbage-first heap   total 129024K, used 13998K [0x0000000085e00000, 0x0000000100000000)
  region size 1024K, 8 young (8192K), 8 survivors (8192K)
 Metaspace       used 21182K, committed 21504K, reserved 1114112K
  class space    used 2917K, committed 3072K, reserved 1048576K
}

