# JRE version: OpenJDK Runtime Environment Corretto-21.0.2.13.1 (21.0.2+13) (build 21.0.2+13-LTS)
# Java VM: OpenJDK 64-Bit Server VM Corretto-21.0.2.13.1 (21.0.2+13-LTS, mixed mode, sharing, tiered, compressed oops, compressed class ptrs, g1 gc, linux-amd64)
GC Precious Log:
 CardTable entry size: 512
 Card Set container configuration: InlinePtr #cards 5 size 8 Array Of Cards #cards 12 size 40 Howl #buckets 4 coarsen threshold 1843 Howl Bitmap #cards 512 size 80 coarsen threshold 460 Card regions per heap region 1 cards per card region 2048
 CPUs: 4 total, 4 available
 Memory: 7813M
 Large Page Support: Disabled
 NUMA Support: Disabled
 Compressed Oops: Enabled (32-bit)
 Heap Region Size: 1M
 Heap Min Capacity: 8M
 Heap Initial Capacity: 124M
 Heap Max Capacity: 1954M
 Pre-touch: Disabled
 Parallel Workers: 4
 Concurrent Workers: 1
 Concurrent Refinement Workers: 4
 Periodic GC: Disabled
Heap:
 garbage-first heap   total 55296K, used 27170K [0x0000000085e00000, 0x0000000100000000)
  region size 1024K, 15 young (15360K), 1 survivors (1024K)
 Metaspace       used 25788K, committed 26112K, reserved 1114112K
  class space    used 3551K, committed 3712K, reserved 1048576K
GC Heap History (10 events):
Event: 3.050 GC heap before
{Heap before GC invocations=0 (full 0):
 garbage-first heap   total 129024K, used 13341K [0x0000000085e00000, 0x0000000100000000)
  region size 1024K, 13 young (13312K), 0 survivors (0K)
 Metaspace       used 2406K, committed 2560K, reserved 1114112K
  class space    used 233K, committed 320K, reserved 1048576K
}
Event: 3.163 GC heap after
{Heap after GC invocations=1 (full 0):
 garbage-first heap   total 129024K, used 3581K [0x0000000085e00000, 0x0000000100000000)
  region size 1024K, 2 young (2048K), 2 survivors (2048K)
 Metaspace       used 2406K, committed 2560K, reserved 1114112K
  class space    used 233K, committed 320K, reserved 1048576K
}
Event: 9.843 GC heap before
{Heap before GC invocations=1 (full 0):
 garbage-first heap   total 129024K, used 7677K [0x0000000085e00000, 0x0000000100000000)
  region size 1024K, 7 young (7168K), 2 survivors (2048K)
 Metaspace       used 4076K, committed 4288K, reserved 1114112K
  class space    used 427K, committed 512K, reserved 1048576K
}
Event: 9.932 GC heap after
{Heap after GC invocations=2 (full 0):
 garbage-first heap   total 129024K, used 4241K [0x0000000085e00000, 0x0000000100000000)
  region size 1024K, 1 young (1024K), 1 survivors (1024K)
 Metaspace       used 4076K, committed 4288K, reserved 1114112K
  class space    used 427K, committed 512K, reserved 1048576K
}
Event: 13.259 GC heap before
{Heap before GC invocations=2 (full 0):
 garbage-first heap   total 129024K, used 21649K [0x0000000085e00000, 0x0000000100000000)
  region size 1024K, 19 young (19456K), 1 survivors (1024K)
 Metaspace       used 9193K, committed 9472K, reserved 1114112K
  class space    used 1130K, committed 1280K, reserved 1048576K
}
Event: 13.280 GC heap after
{Heap after GC invocations=3 (full 0):
 garbage-first heap   total 129024K, used 6241K [0x0000000085e00000, 0x0000000100000000)
  region size 1024K, 3 young (3072K), 3 survivors (3072K)
 Metaspace       used 9193K, committed 9472K, reserved 1114112K
  class space    used 1130K, committed 1280K, reserved 1048576K
}
Event: 32.158 GC heap before
{Heap before GC invocations=3 (full 0):
 garbage-first heap   total 129024K, used 50273K [0x0000000085e00000, 0x0000000100000000)
  region size 1024K, 45 young (46080K), 3 survivors (3072K)
 Metaspace       used 20051K, committed 20416K, reserved 1114112K
  class space    used 2803K, committed 3008K, reserved 1048576K
}
Event: 32.243 GC heap after
{Heap after GC invocations=4 (full 0):
 garbage-first heap   total 129024K, used 12822K [0x0000000085e00000, 0x0000000100000000)
  region size 1024K, 6 young (6144K), 6 survivors (6144K)
 Metaspace       used 20051K, committed 20416K, reserved 1114112K
  class space    used 2803K, committed 3008K, reserved 1048576K
}
Event: 32.656 GC heap before
{Heap before GC invocations=4 (full 0):
 garbage-first heap   total 129024K, used 12822K [0x0000000085e00000, 0x0000000100000000)
  region size 1024K, 7 young (7168K), 6 survivors (6144K)
 Metaspace       used 21165K, committed 21504K, reserved 1114112K
  class space    used 2919K, committed 3072K, reserved 1048576K
}
Event: 32.896 GC heap after
{Heap after GC invocations=5 (full 0):
 garbage-first heap   total 129024K, used 13858K [0x0000000085e00000, 0x0000000100000000)
  region size 1024K, 1 young (1024K), 1 survivors (1024K)
 Metaspace       used 21165K, committed 21504K, reserved 1114112K
  class space    used 2919K, committed 3072K, reserved 1048576K
}

